\BOOKMARK [1][-]{section.1}{\376\377\000I\000n\000t\000r\000o\000d\000u\000c\000c\000i\000\363\000n}{}% 1
\BOOKMARK [1][-]{section.2}{\376\377\000A\000c\000t\000i\000v\000i\000d\000a\000d\000\040\000n\000\260\0001\000:\000\040\000T\000I\000C\000\040\000i\000s\000\040\000A\000m\000o\000n\000g\000\040\000U\000s\000\040}{}% 2
\BOOKMARK [2][-]{subsection.2.1}{\376\377\000\315\000t\000e\000m\000\040\0001}{section.2}% 3
\BOOKMARK [2][-]{subsection.2.2}{\376\377\000\315\000t\000e\000m\000\040\0002}{section.2}% 4
\BOOKMARK [2][-]{subsection.2.3}{\376\377\000\315\000t\000e\000m\000\040\0003}{section.2}% 5
\BOOKMARK [2][-]{subsection.2.4}{\376\377\000\315\000t\000e\000m\000\040\0004}{section.2}% 6
\BOOKMARK [2][-]{subsection.2.5}{\376\377\000S\000o\000l\000u\000c\000i\000\363\000n}{section.2}% 7
\BOOKMARK [3][-]{subsubsection.2.5.1}{\376\377\000\315\000t\000e\000m\000\040\0001}{subsection.2.5}% 8
\BOOKMARK [3][-]{subsubsection.2.5.2}{\376\377\000\315\000t\000e\000m\000\040\0002}{subsection.2.5}% 9
\BOOKMARK [1][-]{section.3}{\376\377\000A\000c\000t\000i\000v\000i\000d\000a\000d\000\040\000n\000\260\0002\000:\000\040\000P\000r\000o\000g\000r\000a\000m\000a\000n\000d\000o\000\040\000u\000n\000a\000\040\000P\000o\000k\000\351\000d\000e\000x}{}% 10
\BOOKMARK [2][-]{subsection.3.1}{\376\377\000\315\000t\000e\000m\000\040\0001}{section.3}% 11
\BOOKMARK [2][-]{subsection.3.2}{\376\377\000S\000o\000l\000u\000c\000i\000\363\000n}{section.3}% 12
\BOOKMARK [3][-]{subsubsection.3.2.1}{\376\377\000D\000i\000s\000e\000\361\000o}{subsection.3.2}% 13
\BOOKMARK [2][-]{subsection.3.3}{\376\377\000F\000u\000n\000c\000i\000o\000n\000a\000m\000i\000e\000n\000t\000o}{section.3}% 14
\BOOKMARK [2][-]{subsection.3.4}{\376\377\000R\000e\000s\000u\000l\000t\000a\000d\000o}{section.3}% 15
\BOOKMARK [1][-]{section.4}{\376\377\000C\000o\000n\000c\000l\000u\000s\000i\000\363\000n}{}% 16
\BOOKMARK [1][-]{section*.20}{\376\377\000A\000n\000e\000x\000o\000A\000:\000\040\000I\000n\000f\000o\000r\000m\000a\000c\000i\000\363\000n\000\040\000A\000d\000i\000c\000i\000o\000n\000a\000l}{}% 17
\BOOKMARK [2][-]{section*.21}{\376\377\000A\000.\0004\000:\000\040\000T\000i\000p\000o\000s\000\040\000d\000e\000\040\000L\000E\000D\000s}{section*.20}% 18
\BOOKMARK [3][-]{section*.22}{\376\377\000A\000.\0004\000.\0000\000:\000\040\000R\000G\000B\000\040\000L\000E\000D\000s}{section*.21}% 19
\BOOKMARK [3][-]{section*.24}{\376\377\000A\000.\0004\000.\0000\000:\000\040\000L\000E\000D\000s\000\040\000c\000o\000n\000\040\000c\000i\000r\000c\000u\000i\000t\000o\000s\000\040\000i\000n\000t\000e\000g\000r\000a\000d\000o\000s}{section*.21}% 20
\BOOKMARK [3][-]{section*.26}{\376\377\000A\000.\0004\000.\0000\000:\000\040\000R\000G\000B\000\040\000L\000E\000D\000s}{section*.21}% 21
