{"timestamp": "2025-11-06T16:37:40.312955", "stage": "Lobby", "PlayerID": "P001", "Action": "Start", "GameName": null, "GameID": null}
{"timestamp": "2025-11-06T16:37:42.318643", "stage": "R1", "PlayerID": "P001", "Action": "Start", "GameName": null, "GameID": null}
{"timestamp": "2025-11-06T16:37:42.322220", "stage": "R1", "PlayerID": "P001", "Action": "Assign", "GameName": "MemoryGame", "GameID": "P001_1762457862"}
{"timestamp": "2025-11-06T16:43:03.148513", "stage": "Lobby", "PlayerID": "P001", "Action": "Start", "GameName": null, "GameID": null}
{"timestamp": "2025-11-06T16:43:05.151212", "stage": "R1", "PlayerID": "P001", "Action": "Start", "GameName": null, "GameID": null}
{"timestamp": "2025-11-06T16:43:05.153174", "stage": "R1", "PlayerID": "P001", "Action": "Assign", "GameName": "ReactionGame", "GameID": "P001_1762458185"}
{"timestamp": "2025-11-06T16:44:54.671910", "stage": "Lobby", "PlayerID": "P001", "Action": "Start", "GameName": null, "GameID": null}
{"timestamp": "2025-11-06T16:44:56.677886", "stage": "R1", "PlayerID": "P001", "Action": "Start", "GameName": null, "GameID": null}
{"timestamp": "2025-11-06T16:44:56.680617", "stage": "R1", "PlayerID": "P001", "Action": "Assign", "GameName": "MemoryGame", "GameID": "P001_1762458296"}
{"timestamp": "2025-11-06T16:46:17.326932", "stage": "Lobby", "PlayerID": "P001", "Action": "Start", "GameName": null, "GameID": null}
{"timestamp": "2025-11-06T16:46:19.332655", "stage": "R1", "PlayerID": "P001", "Action": "Start", "GameName": null, "GameID": null}
{"timestamp": "2025-11-06T16:46:19.336414", "stage": "R1", "PlayerID": "P001", "Action": "Assign", "GameName": "MathGame", "GameID": "P001_1762458379"}
{"timestamp": "2025-11-06T16:48:58.630039", "stage": "Lobby", "PlayerID": "P001", "Action": "Start", "GameName": null, "GameID": null}
{"timestamp": "2025-11-06T16:49:00.633354", "stage": "R1", "PlayerID": "P001", "Action": "Start", "GameName": null, "GameID": null}
{"timestamp": "2025-11-06T16:49:00.635783", "stage": "R1", "PlayerID": "P001", "Action": "Assign", "GameName": "ReactionGame", "GameID": "P001_1762458540"}
{"timestamp": "2025-11-07T12:02:47.941881", "stage": "Lobby", "PlayerID": "P001", "Action": "Start", "GameName": null, "GameID": null}
{"timestamp": "2025-11-07T12:02:50.325544", "stage": "R1", "PlayerID": "P001", "Action": "Start", "GameName": null, "GameID": null}
{"timestamp": "2025-11-07T12:02:50.327198", "stage": "R1", "PlayerID": "P001", "Action": "Assign", "GameName": "MathGame", "GameID": "P001_1762527770"}
{"timestamp": "2025-11-07T12:24:47.578025", "stage": "Lobby", "PlayerID": "P001", "Action": "Start", "GameName": null, "GameID": null}
{"timestamp": "2025-11-07T12:24:49.579149", "stage": "R1", "PlayerID": "P001", "Action": "Start", "GameName": null, "GameID": null}
{"timestamp": "2025-11-07T12:24:49.580556", "stage": "R1", "PlayerID": "P001", "Action": "Assign", "GameName": "MathGame", "GameID": "P001_1762529089"}
{"timestamp": "2025-11-07T12:29:59.211822", "stage": "Lobby", "PlayerID": "P001", "Action": "Start", "GameName": null, "GameID": null}
{"timestamp": "2025-11-07T12:30:01.212721", "stage": "R1", "PlayerID": "P001", "Action": "Start", "GameName": null, "GameID": null}
{"timestamp": "2025-11-07T12:30:01.213223", "stage": "R1", "PlayerID": "P001", "Action": "Assign", "GameName": "MemoryGame", "GameID": "P001_1762529401"}
{"timestamp": "2025-11-12T14:44:53.901973", "stage": "Lobby", "PlayerID": "P001", "Action": "Start", "GameName": null, "GameID": null}
{"timestamp": "2025-11-12T14:44:55.907932", "stage": "R1", "PlayerID": "P001", "Action": "Start", "GameName": null, "GameID": null}
{"timestamp": "2025-11-12T14:44:55.909904", "stage": "R1", "PlayerID": "P001", "Action": "Assign", "GameName": "LogicGame", "GameID": "P001_1762969495"}
{"timestamp": "2025-11-12T22:27:05.302127", "stage": "Lobby", "PlayerID": "P001", "Action": "Accepted", "GameName": null, "GameID": null}
{"timestamp": "2025-11-12T22:27:05.303630", "stage": "Lobby", "PlayerID": "P001", "Action": "Start", "GameName": null, "GameID": null}
{"timestamp": "2025-11-12T22:27:07.305055", "stage": "R1", "PlayerID": "P001", "Action": "Start", "GameName": null, "GameID": null}
{"timestamp": "2025-11-12T22:27:07.306060", "stage": "R1", "PlayerID": "P001", "Action": "Assign", "GameName": "ReactionGame", "GameID": "P001_1762997227"}
{"timestamp": "2025-11-12T22:27:07.771924", "stage": "R1", "PlayerID": "P001", "Action": "ResultReceived", "GameName": "LogicGame", "GameID": "P001_1762969495"}
{"timestamp": "2025-11-12T22:27:07.772924", "stage": "R1", "PlayerID": "P001", "Action": "Assign", "GameName": "ReactionGame", "GameID": "P001_1762997227"}
{"timestamp": "2025-11-12T22:34:30.351448", "stage": "Lobby", "PlayerID": "P001", "Action": "Accepted", "GameName": null, "GameID": null}
{"timestamp": "2025-11-12T22:34:30.353449", "stage": "Lobby", "PlayerID": "P001", "Action": "Start", "GameName": null, "GameID": null}
{"timestamp": "2025-11-12T22:34:32.354720", "stage": "R1", "PlayerID": "P001", "Action": "Start", "GameName": null, "GameID": null}
{"timestamp": "2025-11-12T22:34:32.355728", "stage": "R1", "PlayerID": "P001", "Action": "Assign", "GameName": "LogicGame", "GameID": "P001_1762997672"}
{"timestamp": "2025-11-12T22:34:32.367248", "stage": "R1", "PlayerID": "P001", "Action": "ResultReceived", "GameName": "ReactionGame", "GameID": "P001_1762997227"}
{"timestamp": "2025-11-12T22:34:32.369248", "stage": "R1", "PlayerID": "P001", "Action": "Assign", "GameName": "MemoryGame", "GameID": "P001_1762997672"}
{"timestamp": "2025-11-12T22:41:01.624996", "stage": "R1", "PlayerID": "P001", "Action": "ResultReceived", "GameName": "MemoryGame", "GameID": "P001_1762997672"}
{"timestamp": "2025-11-12T22:41:01.626997", "stage": "R1", "PlayerID": "P001", "Action": "Assign", "GameName": "ReactionGame", "GameID": "P001_1762998061"}
{"timestamp": "2025-11-12T22:41:02.636112", "stage": "R1", "PlayerID": "P001", "Action": "ResultReceived", "GameName": "ReactionGame", "GameID": "P001_1762998061"}
{"timestamp": "2025-11-12T22:41:02.638112", "stage": "R1", "PlayerID": "P001", "Action": "Sabotage", "GameName": null, "GameID": null, "Effect": "InvertControls", "Value": 2}
{"timestamp": "2025-11-12T22:41:02.639113", "stage": "R1", "PlayerID": "P001", "Action": "End", "GameName": null, "GameID": null}
{"timestamp": "2025-11-12T22:41:02.639113", "stage": "R2", "PlayerID": "P001", "Action": "Start", "GameName": null, "GameID": null}
{"timestamp": "2025-11-12T22:41:02.640112", "stage": "R2", "PlayerID": "P001", "Action": "Assign", "GameName": "MathGame", "GameID": "P001_1762998062"}
{"timestamp": "2025-11-12T22:41:03.648997", "stage": "R2", "PlayerID": "P001", "Action": "ResultReceived", "GameName": "MathGame", "GameID": "P001_1762998062"}
{"timestamp": "2025-11-12T22:41:03.650997", "stage": "R2", "PlayerID": "P001", "Action": "Sabotage", "GameName": null, "GameID": null, "Effect": "RandomFail", "Value": 1}
{"timestamp": "2025-11-12T22:41:03.651997", "stage": "R2", "PlayerID": "P001", "Action": "Assign", "GameName": "MemoryGame", "GameID": "P001_1762998063"}
{"timestamp": "2025-11-12T22:42:05.691565", "stage": "R2", "PlayerID": "P001", "Action": "ResultReceived", "GameName": "MemoryGame", "GameID": "P001_1762998063"}
{"timestamp": "2025-11-12T22:42:05.694070", "stage": "R2", "PlayerID": "P001", "Action": "Sabotage", "GameName": null, "GameID": null, "Effect": "InvertControls", "Value": 2}
{"timestamp": "2025-11-12T22:42:05.695073", "stage": "R2", "PlayerID": "P001", "Action": "Assign", "GameName": "MemoryGame", "GameID": "P001_1762998125"}
{"timestamp": "2025-11-13T15:08:19.775765", "stage": "Lobby", "PlayerID": "P001", "Action": "Accepted", "GameName": null, "GameID": null}
{"timestamp": "2025-11-13T15:08:19.777766", "stage": "Lobby", "PlayerID": "P001", "Action": "Start", "GameName": null, "GameID": null}
{"timestamp": "2025-11-13T15:08:21.778991", "stage": "R1", "PlayerID": "P001", "Action": "Start", "GameName": null, "GameID": null}
{"timestamp": "2025-11-13T15:08:21.780004", "stage": "R1", "PlayerID": "P001", "Action": "Assign", "GameName": "MemoryGame", "GameID": "P001_1763057301"}
{"timestamp": "2025-11-13T15:20:35.490823", "stage": "Lobby", "PlayerID": "P001", "Action": "Accepted", "GameName": null, "GameID": null}
{"timestamp": "2025-11-13T15:20:35.492824", "stage": "Lobby", "PlayerID": "P001", "Action": "Start", "GameName": null, "GameID": null}
{"timestamp": "2025-11-13T15:20:37.494064", "stage": "R1", "PlayerID": "P001", "Action": "Start", "GameName": null, "GameID": null}
{"timestamp": "2025-11-13T15:20:37.495065", "stage": "R1", "PlayerID": "P001", "Action": "Assign", "GameName": "LogicGame", "GameID": "P001_1763058037"}
{"timestamp": "2025-11-13T15:23:38.568019", "stage": "R1", "PlayerID": "P001", "Action": "ResultReceived", "GameName": "LogicGame", "GameID": "P001_1763058037"}
{"timestamp": "2025-11-13T15:23:38.569020", "stage": "R1", "PlayerID": "P001", "Action": "Assign", "GameName": "MemoryGame", "GameID": "P001_1763058218"}
{"timestamp": "2025-11-13T15:24:08.590032", "stage": "R1", "PlayerID": "P001", "Action": "ResultReceived", "GameName": "MemoryGame", "GameID": "P001_1763058218"}
{"timestamp": "2025-11-13T15:24:08.591032", "stage": "R1", "PlayerID": "P001", "Action": "Assign", "GameName": "MathGame", "GameID": "P001_1763058248"}
{"timestamp": "2025-11-13T15:24:09.601425", "stage": "R1", "PlayerID": "P001", "Action": "ResultReceived", "GameName": "MathGame", "GameID": "P001_1763058248"}
{"timestamp": "2025-11-13T15:24:09.601425", "stage": "R1", "PlayerID": "P001", "Action": "End", "GameName": null, "GameID": null}
{"timestamp": "2025-11-13T15:24:09.602425", "stage": "R2", "PlayerID": "P001", "Action": "Start", "GameName": null, "GameID": null}
{"timestamp": "2025-11-13T15:24:09.603426", "stage": "R2", "PlayerID": "P001", "Action": "Assign", "GameName": "LogicGame", "GameID": "P001_1763058249"}
{"timestamp": "2025-11-13T15:24:10.612280", "stage": "R2", "PlayerID": "P001", "Action": "ResultReceived", "GameName": "LogicGame", "GameID": "P001_1763058249"}
{"timestamp": "2025-11-13T15:24:10.613281", "stage": "R2", "PlayerID": "P001", "Action": "Assign", "GameName": "LogicGame", "GameID": "P001_1763058250"}
{"timestamp": "2025-11-13T15:24:11.623129", "stage": "R2", "PlayerID": "P001", "Action": "ResultReceived", "GameName": "LogicGame", "GameID": "P001_1763058250"}
{"timestamp": "2025-11-13T15:24:11.624129", "stage": "R2", "PlayerID": "P001", "Action": "Assign", "GameName": "LogicGame", "GameID": "P001_1763058251"}
{"timestamp": "2025-11-13T15:24:12.632962", "stage": "R2", "PlayerID": "P001", "Action": "ResultReceived", "GameName": "LogicGame", "GameID": "P001_1763058251"}
{"timestamp": "2025-11-13T15:24:12.633962", "stage": "R2", "PlayerID": "P001", "Action": "End", "GameName": null, "GameID": null}
{"timestamp": "2025-11-13T15:24:12.633962", "stage": "Game", "PlayerID": "P001", "Action": "End", "GameName": null, "GameID": null}
{"timestamp": "2025-11-13T15:25:21.305187", "stage": "Lobby", "PlayerID": "P001", "Action": "Accepted", "GameName": null, "GameID": null}
{"timestamp": "2025-11-13T15:25:21.306188", "stage": "Lobby", "PlayerID": "P001", "Action": "Start", "GameName": null, "GameID": null}
{"timestamp": "2025-11-13T15:25:50.353993", "stage": "Lobby", "PlayerID": "P001", "Action": "Accepted", "GameName": null, "GameID": null}
{"timestamp": "2025-11-13T15:25:50.355994", "stage": "Lobby", "PlayerID": "P001", "Action": "Start", "GameName": null, "GameID": null}
{"timestamp": "2025-11-13T15:25:52.356958", "stage": "R1", "PlayerID": "P001", "Action": "Start", "GameName": null, "GameID": null}
{"timestamp": "2025-11-13T15:25:52.357959", "stage": "R1", "PlayerID": "P001", "Action": "Assign", "GameName": "ReactionGame", "GameID": "P001_1763058352"}
{"timestamp": "2025-11-13T15:26:53.391571", "stage": "R1", "PlayerID": "P001", "Action": "ResultReceived", "GameName": "ReactionGame", "GameID": "P001_1763058352"}
{"timestamp": "2025-11-13T15:26:53.392572", "stage": "R1", "PlayerID": "P001", "Action": "Sabotage", "GameName": null, "GameID": null, "Effect": "ReduceTime", "Value": 2}
{"timestamp": "2025-11-13T15:26:53.393572", "stage": "R1", "PlayerID": "P001", "Action": "Assign", "GameName": "LogicGame", "GameID": "P001_1763058413"}
{"timestamp": "2025-11-13T15:26:54.404421", "stage": "R1", "PlayerID": "P001", "Action": "ResultReceived", "GameName": "LogicGame", "GameID": "P001_1763058413"}
{"timestamp": "2025-11-13T15:26:54.405421", "stage": "R1", "PlayerID": "P001", "Action": "Assign", "GameName": "LogicGame", "GameID": "P001_1763058414"}
{"timestamp": "2025-11-13T15:26:55.414260", "stage": "R1", "PlayerID": "P001", "Action": "ResultReceived", "GameName": "LogicGame", "GameID": "P001_1763058414"}
{"timestamp": "2025-11-13T15:26:55.415259", "stage": "R1", "PlayerID": "P001", "Action": "End", "GameName": null, "GameID": null}
{"timestamp": "2025-11-13T15:26:55.415259", "stage": "R2", "PlayerID": "P001", "Action": "Start", "GameName": null, "GameID": null}
{"timestamp": "2025-11-13T15:26:55.416260", "stage": "R2", "PlayerID": "P001", "Action": "Assign", "GameName": "LogicGame", "GameID": "P001_1763058415"}
{"timestamp": "2025-11-13T15:26:56.426109", "stage": "R2", "PlayerID": "P001", "Action": "ResultReceived", "GameName": "LogicGame", "GameID": "P001_1763058415"}
{"timestamp": "2025-11-13T15:26:56.427109", "stage": "R2", "PlayerID": "P001", "Action": "Sabotage", "GameName": null, "GameID": null, "Effect": "ReduceTime", "Value": 3}
{"timestamp": "2025-11-13T15:26:56.428109", "stage": "R2", "PlayerID": "P001", "Action": "Assign", "GameName": "MemoryGame", "GameID": "P001_1763058416"}
{"timestamp": "2025-11-13T15:28:13.468710", "stage": "R2", "PlayerID": "P001", "Action": "ResultReceived", "GameName": "MemoryGame", "GameID": "P001_1763058416"}
{"timestamp": "2025-11-13T15:28:13.469710", "stage": "R2", "PlayerID": "P001", "Action": "Sabotage", "GameName": null, "GameID": null, "Effect": "ReduceTime", "Value": 2}
{"timestamp": "2025-11-13T15:28:13.470712", "stage": "R2", "PlayerID": "P001", "Action": "Assign", "GameName": "LogicGame", "GameID": "P001_1763058493"}
{"timestamp": "2025-11-13T15:28:14.482136", "stage": "R2", "PlayerID": "P001", "Action": "ResultReceived", "GameName": "LogicGame", "GameID": "P001_1763058493"}
{"timestamp": "2025-11-13T15:28:14.483137", "stage": "R2", "PlayerID": "P001", "Action": "Sabotage", "GameName": null, "GameID": null, "Effect": "ReduceTime", "Value": 1}
{"timestamp": "2025-11-13T15:28:14.484138", "stage": "R2", "PlayerID": "P001", "Action": "End", "GameName": null, "GameID": null}
{"timestamp": "2025-11-13T15:28:14.484138", "stage": "Game", "PlayerID": "P001", "Action": "End", "GameName": null, "GameID": null}
{"timestamp": "2025-11-13T16:03:58.318845", "stage": "Lobby", "PlayerID": "P001", "Action": "Accepted", "GameName": null, "GameID": null}
{"timestamp": "2025-11-13T16:03:58.319890", "stage": "Lobby", "PlayerID": "P001", "Action": "Start", "GameName": null, "GameID": null}
{"timestamp": "2025-11-13T16:04:00.321734", "stage": "R1", "PlayerID": "P001", "Action": "Start", "GameName": null, "GameID": null}
{"timestamp": "2025-11-13T16:04:00.322236", "stage": "R1", "PlayerID": "P001", "Action": "Assign", "GameName": "MemoryGame", "GameID": "P001_1763060640"}
{"timestamp": "2025-11-13T16:04:31.342286", "stage": "R1", "PlayerID": "P001", "Action": "ResultReceived", "GameName": "MemoryGame", "GameID": "P001_1763060640"}
{"timestamp": "2025-11-13T16:04:31.343789", "stage": "R1", "PlayerID": "P001", "Action": "Assign", "GameName": "MathGame", "GameID": "P001_1763060671"}
{"timestamp": "2025-11-13T16:04:32.353642", "stage": "R1", "PlayerID": "P001", "Action": "ResultReceived", "GameName": "MathGame", "GameID": "P001_1763060671"}
{"timestamp": "2025-11-13T16:04:32.354146", "stage": "R1", "PlayerID": "P001", "Action": "Assign", "GameName": "ReactionGame", "GameID": "P001_1763060672"}
{"timestamp": "2025-11-13T16:04:33.367106", "stage": "R1", "PlayerID": "P001", "Action": "ResultReceived", "GameName": "ReactionGame", "GameID": "P001_1763060672"}
{"timestamp": "2025-11-13T16:04:33.368106", "stage": "R1", "PlayerID": "P001", "Action": "Sabotage", "GameName": null, "GameID": null, "Effect": "ReduceTime", "Value": 3}
{"timestamp": "2025-11-13T16:04:33.369107", "stage": "R1", "PlayerID": "P001", "Action": "End", "GameName": null, "GameID": null}
{"timestamp": "2025-11-13T16:04:33.369107", "stage": "R2", "PlayerID": "P001", "Action": "Start", "GameName": null, "GameID": null}
{"timestamp": "2025-11-13T16:04:33.370107", "stage": "R2", "PlayerID": "P001", "Action": "Assign", "GameName": "LogicGame", "GameID": "P001_1763060673"}
{"timestamp": "2025-11-13T16:04:34.378924", "stage": "R2", "PlayerID": "P001", "Action": "ResultReceived", "GameName": "LogicGame", "GameID": "P001_1763060673"}
{"timestamp": "2025-11-13T16:04:34.379924", "stage": "R2", "PlayerID": "P001", "Action": "Assign", "GameName": "LogicGame", "GameID": "P001_1763060674"}
{"timestamp": "2025-11-13T16:04:35.389245", "stage": "R2", "PlayerID": "P001", "Action": "ResultReceived", "GameName": "LogicGame", "GameID": "P001_1763060674"}
{"timestamp": "2025-11-13T16:04:35.390246", "stage": "R2", "PlayerID": "P001", "Action": "Assign", "GameName": "ReactionGame", "GameID": "P001_1763060675"}
{"timestamp": "2025-11-13T16:04:36.399913", "stage": "R2", "PlayerID": "P001", "Action": "ResultReceived", "GameName": "ReactionGame", "GameID": "P001_1763060675"}
{"timestamp": "2025-11-13T16:04:36.399913", "stage": "R2", "PlayerID": "P001", "Action": "End", "GameName": null, "GameID": null}
{"timestamp": "2025-11-13T16:04:36.400914", "stage": "Game", "PlayerID": "P001", "Action": "End", "GameName": null, "GameID": null}
