{"timestamp": "2025-11-07T12:30:36.388771", "stage": "R1", "PlayerID": "P001", "GameName": "MemoryGame", "Event": "Start", "Result": "Running"}
{"timestamp": "2025-11-12T14:45:00.139524", "stage": "R1", "PlayerID": "P001", "GameName": "LogicGame", "Event": "Start", "Result": "Running"}
{"timestamp": "2025-11-12T14:45:00.993809", "stage": "R1", "PlayerID": "P001", "GameName": "LogicGame", "Event": "End", "Result": "Win"}
{"timestamp": "2025-11-12T15:03:03.824865", "stage": "Lobby", "PlayerID": "P001", "GameName": "Connection", "Action": "Join", "Result": "Sent"}
{"timestamp": "2025-11-12T22:27:28.562154", "stage": "Lobby", "PlayerID": "P001", "GameName": "Connection", "Action": "Join", "Result": "Sent"}
{"timestamp": "2025-11-12T22:27:28.574174", "stage": "Lobby", "PlayerID": "P001", "GameName": "Connection", "Action": "Ready", "Result": "Accepted"}
{"timestamp": "2025-11-12T22:27:28.585766", "stage": "R1", "PlayerID": "P001", "GameName": "ReactionGame", "Action": "Start", "Result": "Running"}
{"timestamp": "2025-11-12T22:27:28.586767", "stage": "R1", "PlayerID": "P001", "GameName": "ReactionGame", "Action": "End", "Result": "Lose"}
{"timestamp": "2025-11-12T22:34:01.763422", "stage": "Lobby", "PlayerID": "P001", "GameName": "Connection", "Action": "Join", "Result": "Sent"}
{"timestamp": "2025-11-12T22:39:42.319306", "stage": "Lobby", "PlayerID": "P001", "GameName": "Connection", "Action": "Join", "Result": "Sent"}
{"timestamp": "2025-11-12T22:39:42.329532", "stage": "Lobby", "PlayerID": "P001", "GameName": "Connection", "Action": "Ready", "Result": "Accepted"}
{"timestamp": "2025-11-12T22:39:42.338633", "stage": "R1", "PlayerID": "P001", "GameName": "MemoryGame", "Action": "Start", "Result": "Running"}
{"timestamp": "2025-11-12T22:41:01.173982", "stage": "R1", "PlayerID": "P001", "GameName": "MemoryGame", "Action": "End", "Result": "Lose"}
{"timestamp": "2025-11-12T22:41:02.185957", "stage": "R1", "PlayerID": "P001", "GameName": "ReactionGame", "Action": "Start", "Result": "Running"}
{"timestamp": "2025-11-12T22:41:02.186457", "stage": "R1", "PlayerID": "P001", "GameName": "ReactionGame", "Action": "End", "Result": "Win"}
{"timestamp": "2025-11-12T22:41:03.197251", "stage": "R2", "PlayerID": "P001", "GameName": "MathGame", "Action": "Start", "Result": "Running"}
{"timestamp": "2025-11-12T22:41:03.197781", "stage": "R2", "PlayerID": "P001", "GameName": "MathGame", "Action": "End", "Result": "Lose"}
{"timestamp": "2025-11-12T22:41:03.206466", "stage": "R1", "PlayerID": "P001", "GameName": "Sabotage", "Action": "Received", "Result": "InvertControls:2"}
{"timestamp": "2025-11-12T22:41:04.216020", "stage": "R2", "PlayerID": "P001", "GameName": "MemoryGame", "Action": "Start", "Result": "Running"}
{"timestamp": "2025-11-12T22:42:05.019310", "stage": "R2", "PlayerID": "P001", "GameName": "MemoryGame", "Action": "End", "Result": "Lose"}
{"timestamp": "2025-11-12T22:42:05.031337", "stage": "R2", "PlayerID": "P001", "GameName": "Sabotage", "Action": "Received", "Result": "RandomFail:1"}
{"timestamp": "2025-11-12T22:42:06.042308", "stage": "R2", "PlayerID": "P001", "GameName": "MemoryGame", "Action": "Start", "Result": "Running"}
{"timestamp": "2025-11-13T15:20:35.372238", "stage": "Lobby", "PlayerID": "P001", "GameName": "Connection", "Action": "Join", "Result": "Sent"}
{"timestamp": "2025-11-13T15:20:35.380554", "stage": "Lobby", "PlayerID": "P001", "GameName": "Connection", "Action": "Ready", "Result": "Accepted"}
{"timestamp": "2025-11-13T15:20:35.388956", "stage": "R1", "PlayerID": "P001", "GameName": "MemoryGame", "Action": "Start", "Result": "Running"}
{"timestamp": "2025-11-13T15:23:38.395564", "stage": "R1", "PlayerID": "P001", "GameName": "MemoryGame", "Action": "End", "Result": "Lose"}
{"timestamp": "2025-11-13T15:23:38.408242", "stage": "R2", "PlayerID": "P001", "GameName": "Sabotage", "Action": "Received", "Result": "InvertControls:2"}
{"timestamp": "2025-11-13T15:23:38.417457", "stage": "R1", "PlayerID": "P001", "GameName": "LogicGame", "Action": "Start", "Result": "Running"}
{"timestamp": "2025-11-13T15:23:38.417932", "stage": "R1", "PlayerID": "P001", "GameName": "LogicGame", "Action": "End", "Result": "Win"}
{"timestamp": "2025-11-13T15:23:39.428204", "stage": "R1", "PlayerID": "P001", "GameName": "MemoryGame", "Action": "Start", "Result": "Running"}
{"timestamp": "2025-11-13T15:24:07.876470", "stage": "R1", "PlayerID": "P001", "GameName": "MemoryGame", "Action": "End", "Result": "Lose"}
{"timestamp": "2025-11-13T15:24:08.886178", "stage": "R1", "PlayerID": "P001", "GameName": "MathGame", "Action": "Start", "Result": "Running"}
{"timestamp": "2025-11-13T15:24:08.886614", "stage": "R1", "PlayerID": "P001", "GameName": "MathGame", "Action": "End", "Result": "Lose"}
{"timestamp": "2025-11-13T15:24:09.896603", "stage": "R2", "PlayerID": "P001", "GameName": "LogicGame", "Action": "Start", "Result": "Running"}
{"timestamp": "2025-11-13T15:24:09.897122", "stage": "R2", "PlayerID": "P001", "GameName": "LogicGame", "Action": "End", "Result": "Win"}
{"timestamp": "2025-11-13T15:24:10.906945", "stage": "R2", "PlayerID": "P001", "GameName": "LogicGame", "Action": "Start", "Result": "Running"}
{"timestamp": "2025-11-13T15:24:10.907373", "stage": "R2", "PlayerID": "P001", "GameName": "LogicGame", "Action": "End", "Result": "Lose"}
{"timestamp": "2025-11-13T15:24:11.917561", "stage": "R2", "PlayerID": "P001", "GameName": "LogicGame", "Action": "Start", "Result": "Running"}
{"timestamp": "2025-11-13T15:24:11.918083", "stage": "R2", "PlayerID": "P001", "GameName": "LogicGame", "Action": "End", "Result": "Lose"}
{"timestamp": "2025-11-13T15:24:12.914113", "stage": "Lobby", "PlayerID": "P001", "GameName": "Connection", "Action": "Join", "Result": "Sent"}
{"timestamp": "2025-11-13T15:24:12.922619", "stage": "Lobby", "PlayerID": "P001", "GameName": "Connection", "Action": "Ready", "Result": "Accepted"}
{"timestamp": "2025-11-13T15:24:59.191682", "stage": "Lobby", "PlayerID": "P001", "GameName": "Connection", "Action": "Join", "Result": "Sent"}
{"timestamp": "2025-11-13T15:25:15.466900", "stage": "Lobby", "PlayerID": "P001", "GameName": "Connection", "Action": "Join", "Result": "Sent"}
{"timestamp": "2025-11-13T15:25:18.044579", "stage": "Lobby", "PlayerID": "P001", "GameName": "Connection", "Action": "Join", "Result": "Sent"}
{"timestamp": "2025-11-13T15:25:19.033411", "stage": "Lobby", "PlayerID": "P001", "GameName": "Connection", "Action": "Join", "Result": "Sent"}
{"timestamp": "2025-11-13T15:25:20.841031", "stage": "Lobby", "PlayerID": "P001", "GameName": "Connection", "Action": "Join", "Result": "Sent"}
{"timestamp": "2025-11-13T15:25:21.125629", "stage": "Lobby", "PlayerID": "P001", "GameName": "Connection", "Action": "Join", "Result": "Sent"}
{"timestamp": "2025-11-13T15:25:21.525267", "stage": "Lobby", "PlayerID": "P001", "GameName": "Connection", "Action": "Join", "Result": "Sent"}
{"timestamp": "2025-11-13T15:25:21.533269", "stage": "Lobby", "PlayerID": "P001", "GameName": "Connection", "Action": "Ready", "Result": "Accepted"}
{"timestamp": "2025-11-13T15:25:21.718833", "stage": "Lobby", "PlayerID": "P001", "GameName": "Connection", "Action": "Join", "Result": "Sent"}
{"timestamp": "2025-11-13T15:25:32.684990", "stage": "Lobby", "PlayerID": "P001", "GameName": "Connection", "Action": "Join", "Result": "Sent"}
{"timestamp": "2025-11-13T15:26:52.898606", "stage": "Lobby", "PlayerID": "P001", "GameName": "Connection", "Action": "Join", "Result": "Sent"}
{"timestamp": "2025-11-13T15:26:52.908425", "stage": "Lobby", "PlayerID": "P001", "GameName": "Connection", "Action": "Ready", "Result": "Accepted"}
{"timestamp": "2025-11-13T15:26:52.916805", "stage": "R1", "PlayerID": "P001", "GameName": "ReactionGame", "Action": "Start", "Result": "Running"}
{"timestamp": "2025-11-13T15:26:52.917392", "stage": "R1", "PlayerID": "P001", "GameName": "ReactionGame", "Action": "End", "Result": "Win"}
{"timestamp": "2025-11-13T15:26:53.926975", "stage": "R1", "PlayerID": "P001", "GameName": "LogicGame", "Action": "Start", "Result": "Running"}
{"timestamp": "2025-11-13T15:26:53.927746", "stage": "R1", "PlayerID": "P001", "GameName": "LogicGame", "Action": "End", "Result": "Win"}
{"timestamp": "2025-11-13T15:26:53.935117", "stage": "R1", "PlayerID": "P001", "GameName": "Sabotage", "Action": "Received", "Result": "ReduceTime:2"}
{"timestamp": "2025-11-13T15:26:54.943925", "stage": "R1", "PlayerID": "P001", "GameName": "LogicGame", "Action": "Start", "Result": "Running"}
{"timestamp": "2025-11-13T15:26:54.944453", "stage": "R1", "PlayerID": "P001", "GameName": "LogicGame", "Action": "End", "Result": "Win"}
{"timestamp": "2025-11-13T15:26:55.954062", "stage": "R2", "PlayerID": "P001", "GameName": "LogicGame", "Action": "Start", "Result": "Running"}
{"timestamp": "2025-11-13T15:26:55.954464", "stage": "R2", "PlayerID": "P001", "GameName": "LogicGame", "Action": "End", "Result": "Lose"}
{"timestamp": "2025-11-13T15:26:56.963933", "stage": "R2", "PlayerID": "P001", "GameName": "MemoryGame", "Action": "Start", "Result": "Running"}
{"timestamp": "2025-11-13T15:28:12.520727", "stage": "R2", "PlayerID": "P001", "GameName": "MemoryGame", "Action": "End", "Result": "Lose"}
{"timestamp": "2025-11-13T15:28:12.522459", "stage": "R2", "PlayerID": "P001", "GameName": "Sabotage", "Action": "Received", "Result": "ReduceTime:3"}
{"timestamp": "2025-11-13T15:28:13.531496", "stage": "R2", "PlayerID": "P001", "GameName": "LogicGame", "Action": "Start", "Result": "Running"}
{"timestamp": "2025-11-13T15:28:13.531977", "stage": "R2", "PlayerID": "P001", "GameName": "LogicGame", "Action": "End", "Result": "Lose"}
{"timestamp": "2025-11-13T15:28:13.541814", "stage": "R2", "PlayerID": "P001", "GameName": "Sabotage", "Action": "Received", "Result": "ReduceTime:2"}
{"timestamp": "2025-11-13T16:03:13.835328", "stage": "Lobby", "PlayerID": "P001", "GameName": "Connection", "Action": "Join", "Result": "Sent"}
{"timestamp": "2025-11-13T16:04:26.880833", "stage": "Lobby", "PlayerID": "P001", "GameName": "Connection", "Action": "Join", "Result": "Sent"}
{"timestamp": "2025-11-13T16:04:26.890122", "stage": "Lobby", "PlayerID": "P001", "GameName": "Connection", "Action": "Ready", "Result": "Accepted"}
{"timestamp": "2025-11-13T16:04:26.897638", "stage": "R1", "PlayerID": "P001", "GameName": "MemoryGame", "Action": "Start", "Result": "Running"}
{"timestamp": "2025-11-13T16:04:30.791148", "stage": "R1", "PlayerID": "P001", "GameName": "MemoryGame", "Action": "End", "Result": "Lose"}
{"timestamp": "2025-11-13T16:04:30.804160", "stage": "R2", "PlayerID": "P001", "GameName": "Sabotage", "Action": "Received", "Result": "ReduceTime:1"}
{"timestamp": "2025-11-13T16:04:31.815012", "stage": "R1", "PlayerID": "P001", "GameName": "MathGame", "Action": "Start", "Result": "Running"}
{"timestamp": "2025-11-13T16:04:31.815690", "stage": "R1", "PlayerID": "P001", "GameName": "MathGame", "Action": "End", "Result": "Lose"}
{"timestamp": "2025-11-13T16:04:32.826181", "stage": "R1", "PlayerID": "P001", "GameName": "ReactionGame", "Action": "Start", "Result": "Running"}
{"timestamp": "2025-11-13T16:04:32.826843", "stage": "R1", "PlayerID": "P001", "GameName": "ReactionGame", "Action": "End", "Result": "Lose"}
{"timestamp": "2025-11-13T16:04:33.839854", "stage": "R2", "PlayerID": "P001", "GameName": "LogicGame", "Action": "Start", "Result": "Running"}
{"timestamp": "2025-11-13T16:04:33.840471", "stage": "R2", "PlayerID": "P001", "GameName": "LogicGame", "Action": "End", "Result": "Win"}
{"timestamp": "2025-11-13T16:04:33.848118", "stage": "R1", "PlayerID": "P001", "GameName": "Sabotage", "Action": "Received", "Result": "ReduceTime:3"}
{"timestamp": "2025-11-13T16:04:34.857996", "stage": "R2", "PlayerID": "P001", "GameName": "LogicGame", "Action": "Start", "Result": "Running"}
{"timestamp": "2025-11-13T16:04:34.858687", "stage": "R2", "PlayerID": "P001", "GameName": "LogicGame", "Action": "End", "Result": "Lose"}
{"timestamp": "2025-11-13T16:04:35.869536", "stage": "R2", "PlayerID": "P001", "GameName": "ReactionGame", "Action": "Start", "Result": "Running"}
{"timestamp": "2025-11-13T16:04:35.870166", "stage": "R2", "PlayerID": "P001", "GameName": "ReactionGame", "Action": "End", "Result": "Lose"}
{"timestamp": "2025-11-16T19:29:06.599768", "stage": "Lobby", "PlayerID": "P001", "GameName": "Connection", "Action": "Join", "Result": "Sent"}
{"timestamp": "2025-11-20T14:57:02.363466", "stage": "Lobby", "PlayerID": "P001", "GameName": "Connection", "Action": "Join", "Result": "Sent"}
{"timestamp": "2025-11-20T14:57:07.167663", "stage": "Lobby", "PlayerID": "P001", "GameName": "Connection", "Action": "Ready", "Result": "Accepted"}
{"timestamp": "2025-11-20T14:57:10.928322", "stage": "Stage1", "PlayerID": "P001", "GameName": "BalloonGame", "Action": "Start", "Result": "Running"}
{"timestamp": "2025-11-20T14:58:15.380710", "stage": "Lobby", "PlayerID": "P001", "GameName": "Connection", "Action": "Join", "Result": "Sent"}
{"timestamp": "2025-11-20T14:58:20.122958", "stage": "Lobby", "PlayerID": "P001", "GameName": "Connection", "Action": "Ready", "Result": "Accepted"}
{"timestamp": "2025-11-20T14:58:24.033561", "stage": "Stage1", "PlayerID": "P001", "GameName": "BalloonGame", "Action": "Start", "Result": "Running"}
{"timestamp": "2025-11-20T14:58:27.822711", "stage": "Stage1", "PlayerID": "P001", "GameName": "BalloonGame", "Action": "End", "Result": "Lose"}
{"timestamp": "2025-11-20T14:58:33.543006", "stage": "Stage1", "PlayerID": "P001", "GameName": "MemoryGame", "Action": "Start", "Result": "Running"}
{"timestamp": "2025-11-20T14:59:20.237116", "stage": "Stage1", "PlayerID": "P001", "GameName": "MemoryGame", "Action": "End", "Result": "Lose"}
{"timestamp": "2025-11-20T14:59:24.161420", "stage": "Stage1", "PlayerID": "P001", "GameName": "MemoryGame", "Action": "Start", "Result": "Running"}
{"timestamp": "2025-11-20T14:59:49.802571", "stage": "Stage1", "PlayerID": "P001", "GameName": "MemoryGame", "Action": "End", "Result": "Lose"}
{"timestamp": "2025-11-20T14:59:55.533912", "stage": "Stage1", "PlayerID": "P001", "GameName": "EquationGame", "Action": "Start", "Result": "Running"}
{"timestamp": "2025-11-20T15:00:05.243865", "stage": "Stage1", "PlayerID": "P001", "GameName": "EquationGame", "Action": "End", "Result": "Win"}
{"timestamp": "2025-11-20T15:00:58.055656", "stage": "Lobby", "PlayerID": "P001", "GameName": "Connection", "Action": "Join", "Result": "Sent"}
{"timestamp": "2025-11-20T15:01:02.733733", "stage": "Lobby", "PlayerID": "P001", "GameName": "Connection", "Action": "Ready", "Result": "Accepted"}
{"timestamp": "2025-11-20T15:01:04.643546", "stage": "Stage1", "PlayerID": "P001", "GameName": "ReactionGame", "Action": "Start", "Result": "Running"}
{"timestamp": "2025-11-20T15:01:08.386053", "stage": "Stage1", "PlayerID": "P001", "GameName": "ReactionGame", "Action": "End", "Result": "Lose"}
{"timestamp": "2025-11-20T15:01:12.287165", "stage": "Stage1", "PlayerID": "P001", "GameName": "BalloonGame", "Action": "Start", "Result": "Running"}
{"timestamp": "2025-11-20T15:01:16.065062", "stage": "Stage1", "PlayerID": "P001", "GameName": "BalloonGame", "Action": "End", "Result": "Lose"}
{"timestamp": "2025-11-20T15:01:21.752928", "stage": "Stage1", "PlayerID": "P001", "GameName": "BalloonGame", "Action": "Start", "Result": "Running"}
{"timestamp": "2025-11-20T15:01:23.659076", "stage": "Stage1", "PlayerID": "P001", "GameName": "BalloonGame", "Action": "End", "Result": "Lose"}
{"timestamp": "2025-11-20T15:01:27.563445", "stage": "Stage1", "PlayerID": "P001", "GameName": "EquationGame", "Action": "Start", "Result": "Running"}
{"timestamp": "2025-11-20T15:01:34.367136", "stage": "Stage1", "PlayerID": "P001", "GameName": "EquationGame", "Action": "End", "Result": "Win"}
{"timestamp": "2025-11-20T15:01:38.293679", "stage": "Stage1", "PlayerID": "P001", "GameName": "MemoryGame", "Action": "Start", "Result": "Running"}
{"timestamp": "2025-11-20T15:01:41.620014", "stage": "Stage1", "PlayerID": "P001", "GameName": "MemoryGame", "Action": "End", "Result": "Lose"}
{"timestamp": "2025-11-20T15:01:47.303817", "stage": "Stage1", "PlayerID": "P001", "GameName": "EquationGame", "Action": "Start", "Result": "Running"}
{"timestamp": "2025-11-20T15:01:54.133735", "stage": "Stage1", "PlayerID": "P001", "GameName": "EquationGame", "Action": "End", "Result": "Win"}
{"timestamp": "2025-11-20T15:01:59.796802", "stage": "Stage1", "PlayerID": "P001", "GameName": "MemoryGame", "Action": "Start", "Result": "Running"}
{"timestamp": "2025-11-20T15:02:02.450516", "stage": "Stage1", "PlayerID": "P001", "GameName": "MemoryGame", "Action": "End", "Result": "Lose"}
{"timestamp": "2025-11-20T15:02:04.705091", "stage": "Lobby", "PlayerID": "P001", "GameName": "Connection", "Action": "Join", "Result": "Sent"}
{"timestamp": "2025-11-20T15:08:53.131223", "stage": "Lobby", "PlayerID": "P001", "GameName": "Connection", "Action": "Join", "Result": "Sent"}
{"timestamp": "2025-11-20T15:08:56.038762", "stage": "Lobby", "PlayerID": "P001", "GameName": "Connection", "Action": "Ready", "Result": "Accepted"}
{"timestamp": "2025-11-20T15:08:59.842473", "stage": "Stage1", "PlayerID": "P001", "GameName": "ReactionGame", "Action": "Start", "Result": "Running"}
{"timestamp": "2025-11-20T15:09:01.748458", "stage": "Stage1", "PlayerID": "P001", "GameName": "ReactionGame", "Action": "End", "Result": "Lose"}
{"timestamp": "2025-11-20T15:09:07.473954", "stage": "Stage1", "PlayerID": "P001", "GameName": "ReactionGame", "Action": "Start", "Result": "Running"}
{"timestamp": "2025-11-20T15:09:11.170262", "stage": "Stage1", "PlayerID": "P001", "GameName": "ReactionGame", "Action": "End", "Result": "Lose"}
{"timestamp": "2025-11-20T15:09:15.094614", "stage": "Stage1", "PlayerID": "P001", "GameName": "MemoryGame", "Action": "Start", "Result": "Running"}
{"timestamp": "2025-11-20T15:09:20.735518", "stage": "Stage1", "PlayerID": "P001", "GameName": "MemoryGame", "Action": "End", "Result": "Lose"}
{"timestamp": "2025-11-20T15:09:23.203731", "stage": "Lobby", "PlayerID": "P001", "GameName": "Connection", "Action": "Join", "Result": "Sent"}
{"timestamp": "2025-11-20T15:09:51.078864", "stage": "Lobby", "PlayerID": "P001", "GameName": "Connection", "Action": "Join", "Result": "Sent"}
{"timestamp": "2025-11-20T15:09:52.503394", "stage": "Lobby", "PlayerID": "P001", "GameName": "Connection", "Action": "Ready", "Result": "Accepted"}
{"timestamp": "2025-11-20T15:09:52.900037", "stage": "Stage1", "PlayerID": "P001", "GameName": "ReactionGame", "Action": "Start", "Result": "Running"}
{"timestamp": "2025-11-20T15:09:53.237004", "stage": "Stage1", "PlayerID": "P001", "GameName": "ReactionGame", "Action": "End", "Result": "Win"}
{"timestamp": "2025-11-20T15:09:55.614369", "stage": "Stage1", "PlayerID": "P001", "GameName": "EquationGame", "Action": "Start", "Result": "Running"}
{"timestamp": "2025-11-20T15:10:09.231532", "stage": "Stage1", "PlayerID": "P001", "GameName": "EquationGame", "Action": "End", "Result": "Win"}
{"timestamp": "2025-11-20T15:10:11.701127", "stage": "Stage1", "PlayerID": "P001", "GameName": "ReactionGame", "Action": "Start", "Result": "Running"}
{"timestamp": "2025-11-20T15:10:12.087313", "stage": "Stage1", "PlayerID": "P001", "GameName": "ReactionGame", "Action": "End", "Result": "Win"}
{"timestamp": "2025-11-20T15:10:14.570830", "stage": "Stage1", "PlayerID": "P001", "GameName": "ReactionGame", "Action": "Start", "Result": "Running"}
{"timestamp": "2025-11-20T15:10:14.927328", "stage": "Stage1", "PlayerID": "P001", "GameName": "ReactionGame", "Action": "End", "Result": "Win"}
{"timestamp": "2025-11-20T15:10:17.406149", "stage": "Stage1", "PlayerID": "P001", "GameName": "BalloonGame", "Action": "Start", "Result": "Running"}
{"timestamp": "2025-11-20T15:10:17.934145", "stage": "Stage1", "PlayerID": "P001", "GameName": "BalloonGame", "Action": "End", "Result": "Lose"}
{"timestamp": "2025-11-20T15:10:20.509327", "stage": "Stage1", "PlayerID": "P001", "GameName": "ReactionGame", "Action": "Start", "Result": "Running"}
{"timestamp": "2025-11-20T15:10:21.034945", "stage": "Stage1", "PlayerID": "P001", "GameName": "ReactionGame", "Action": "End", "Result": "Win"}
{"timestamp": "2025-11-20T15:10:23.589425", "stage": "Stage1", "PlayerID": "P001", "GameName": "MemoryGame", "Action": "Start", "Result": "Running"}
{"timestamp": "2025-11-20T15:10:26.545833", "stage": "Stage1", "PlayerID": "P001", "GameName": "MemoryGame", "Action": "End", "Result": "Lose"}
{"timestamp": "2025-11-20T15:10:28.989581", "stage": "Stage1", "PlayerID": "P001", "GameName": "MemoryGame", "Action": "Start", "Result": "Running"}
{"timestamp": "2025-11-20T15:10:34.224215", "stage": "Stage1", "PlayerID": "P001", "GameName": "MemoryGame", "Action": "End", "Result": "Lose"}
{"timestamp": "2025-11-20T15:10:36.687117", "stage": "Stage1", "PlayerID": "P001", "GameName": "BalloonGame", "Action": "Start", "Result": "Running"}
{"timestamp": "2025-11-20T15:10:37.180170", "stage": "Stage1", "PlayerID": "P001", "GameName": "BalloonGame", "Action": "End", "Result": "Lose"}
{"timestamp": "2025-11-20T15:18:51.647933", "stage": "Lobby", "PlayerID": "P001", "GameName": "Connection", "Action": "Join", "Result": "Sent"}
{"timestamp": "2025-11-20T15:18:52.969326", "stage": "Lobby", "PlayerID": "P001", "GameName": "Connection", "Action": "Ready", "Result": "Accepted"}
{"timestamp": "2025-11-20T15:18:53.294494", "stage": "Stage1", "PlayerID": "P001", "GameName": "MemoryGame", "Action": "Start", "Result": "Running"}
{"timestamp": "2025-11-20T15:19:27.532244", "stage": "Lobby", "PlayerID": "P001", "GameName": "Connection", "Action": "Join", "Result": "Sent"}
{"timestamp": "2025-11-20T15:19:28.846642", "stage": "Lobby", "PlayerID": "P001", "GameName": "Connection", "Action": "Ready", "Result": "Accepted"}
{"timestamp": "2025-11-20T15:19:29.161804", "stage": "Stage1", "PlayerID": "P001", "GameName": "ReactionGame", "Action": "Start", "Result": "Running"}
{"timestamp": "2025-11-20T15:19:29.523592", "stage": "Stage1", "PlayerID": "P001", "GameName": "ReactionGame", "Action": "End", "Result": "Win"}
{"timestamp": "2025-11-20T15:19:31.824472", "stage": "Stage1", "PlayerID": "P001", "GameName": "ReactionGame", "Action": "Start", "Result": "Running"}
{"timestamp": "2025-11-20T15:19:32.150209", "stage": "Stage1", "PlayerID": "P001", "GameName": "ReactionGame", "Action": "End", "Result": "Lose"}
{"timestamp": "2025-11-20T15:19:34.497750", "stage": "Stage1", "PlayerID": "P001", "GameName": "ReactionGame", "Action": "Start", "Result": "Running"}
{"timestamp": "2025-11-20T15:19:34.819721", "stage": "Stage1", "PlayerID": "P001", "GameName": "ReactionGame", "Action": "End", "Result": "Lose"}
{"timestamp": "2025-11-20T15:19:37.168745", "stage": "Stage1", "PlayerID": "P001", "GameName": "ReactionGame", "Action": "Start", "Result": "Running"}
{"timestamp": "2025-11-20T15:19:37.639072", "stage": "Stage1", "PlayerID": "P001", "GameName": "ReactionGame", "Action": "End", "Result": "Win"}
{"timestamp": "2025-11-20T15:19:40.020461", "stage": "Stage1", "PlayerID": "P001", "GameName": "EquationGame", "Action": "Start", "Result": "Running"}
{"timestamp": "2025-11-20T15:19:42.302980", "stage": "Stage1", "PlayerID": "P001", "GameName": "EquationGame", "Action": "End", "Result": "Win"}
{"timestamp": "2025-11-20T15:19:44.624798", "stage": "Stage1", "PlayerID": "P001", "GameName": "ReactionGame", "Action": "Start", "Result": "Running"}
{"timestamp": "2025-11-20T15:19:44.940174", "stage": "Stage1", "PlayerID": "P001", "GameName": "ReactionGame", "Action": "End", "Result": "Lose"}
{"timestamp": "2025-11-20T15:19:47.275494", "stage": "Stage1", "PlayerID": "P001", "GameName": "ReactionGame", "Action": "Start", "Result": "Running"}
{"timestamp": "2025-11-20T15:19:47.662816", "stage": "Stage1", "PlayerID": "P001", "GameName": "ReactionGame", "Action": "End", "Result": "Lose"}
{"timestamp": "2025-11-20T15:19:48.681407", "stage": "Lobby", "PlayerID": "P001", "GameName": "Connection", "Action": "Join", "Result": "Sent"}
{"timestamp": "2025-11-20T15:28:28.934273", "stage": "Lobby", "PlayerID": "P001", "GameName": "Connection", "Action": "Join", "Result": "Sent"}
{"timestamp": "2025-11-20T15:28:30.323369", "stage": "Lobby", "PlayerID": "P001", "GameName": "Connection", "Action": "Ready", "Result": "Accepted"}
{"timestamp": "2025-11-20T15:30:09.353241", "stage": "Lobby", "PlayerID": "P001", "GameName": "Connection", "Action": "Join", "Result": "Sent"}
{"timestamp": "2025-11-20T15:30:10.696319", "stage": "Lobby", "PlayerID": "P001", "GameName": "Connection", "Action": "Ready", "Result": "Accepted"}
{"timestamp": "2025-11-20T15:30:41.613676", "stage": "Lobby", "PlayerID": "P001", "GameName": "Connection", "Action": "Join", "Result": "Sent"}
{"timestamp": "2025-11-20T15:30:42.934911", "stage": "Lobby", "PlayerID": "P001", "GameName": "Connection", "Action": "Ready", "Result": "Accepted"}
{"timestamp": "2025-11-20T15:38:47.901891", "stage": "Lobby", "PlayerID": "P001", "GameName": "Connection", "Action": "Join", "Result": "Sent"}
{"timestamp": "2025-11-20T15:38:49.280565", "stage": "Lobby", "PlayerID": "P001", "GameName": "Connection", "Action": "Ready", "Result": "Accepted"}
{"timestamp": "2025-11-20T15:40:16.109159", "stage": "Lobby", "PlayerID": "P001", "GameName": "Connection", "Action": "Join", "Result": "Sent"}
{"timestamp": "2025-11-20T15:40:17.424057", "stage": "Lobby", "PlayerID": "P001", "GameName": "Connection", "Action": "Ready", "Result": "Accepted"}
{"timestamp": "2025-11-20T16:12:24.928689", "stage": "Lobby", "PlayerID": "vegeta777", "GameName": "Connection", "Action": "Join", "Result": "Sent"}
{"timestamp": "2025-11-20T16:12:26.310989", "stage": "Lobby", "PlayerID": "vegeta777", "GameName": "Connection", "Action": "Ready", "Result": "Accepted"}
